Using pre-set license
Built from '2020.3/china_unity/release' branch; Version is '2020.3.36f1c1 (f1b5774ca487) revision 15840631'; Using compiler version '192528614'; Build Type 'Release'
OS: 'Windows 10  (10.0.18363) 64bit CoreCountrySpecific' Language: 'zh' Physical Memory: 8112 MB
BatchMode: 1, IsHumanControllingUs: 0, StartBugReporterOnCrash: 0, Is64bit: 1, IsPro: 0

COMMAND LINE ARGUMENTS:
D:\Unity\Editor\2020.3.36f1c1\Editor\Unity.exe
-adb2
-batchMode
-noUpm
-name
AssetImportWorker1
-projectPath
D:/learn/Unity/11111/HomeWork/Work
-logFile
Logs/AssetImportWorker1.log
-srvPort
57722
Successfully changed project path to: D:/learn/Unity/11111/HomeWork/Work
D:/learn/Unity/11111/HomeWork/Work
Using Asset Import Pipeline V2.
AS: AutoStreaming module initializing.