Using pre-set license
Built from '2020.3/china_unity/release' branch; Version is '2020.3.48f1c1 (06fbdfbf16e3) revision 457695'; Using compiler version '192528614'; Build Type 'Release'
OS: 'Windows 11  (10.0.22621) 64bit CoreCountrySpecific' Language: 'zh' Physical Memory: 16304 MB
BatchMode: 1, IsHumanControllingUs: 0, StartBugReporterOnCrash: 0, Is64bit: 1, IsPro: 0

COMMAND LINE ARGUMENTS:
D:\unity\2020.3.48f1c1\Editor\Unity.exe
-adb2
-batchMode
-noUpm
-name
AssetImportWorker0
-projectPath
D:/learn/Unity/11111/HomeWork/Work
-logFile
Logs/AssetImportWorker0.log
-srvPort
57423
Successfully changed project path to: D:/learn/Unity/11111/HomeWork/Work
D:/learn/Unity/11111/HomeWork/Work
Using Asset Import Pipeline V2.
Player connection [23324] Host "[IP] 192.168.123.196 [Port] 805523872 [Flags] 2 [Guid] 2999689791 [EditorId] 2999689791 [Version] 1048832 [Id] WindowsEditor(7,LAPTOP-OAPBF0FV) [Debug] 1 [PackageName] WindowsEditor [ProjectName] Editor" joined multi-casting on [225.0.0.222:54997]...

Player connection [23324] Host "[IP] 192.168.123.196 [Port] 805523872 [Flags] 2 [Guid] 2999689791 [EditorId] 2999689791 [Version] 1048832 [Id] WindowsEditor(7,LAPTOP-OAPBF0FV) [Debug] 1 [PackageName] WindowsEditor [ProjectName] Editor" joined alternative multi-casting on [225.0.0.222:34997]...

AS: AutoStreaming module initializing.Refreshing native plugins compatible for Editor in 78.92 ms, found 2 plugins.
Preloading 0 native plugins for Editor in 0.00 ms.
Initialize engine version: 2020.3.48f1c1 (06fbdfbf16e3)
[Subsystems] Discovering subsystems at path D:/unity/2020.3.48f1c1/Editor/Data/Resources/UnitySubsystems
[Subsystems] Discovering subsystems at path D:/learn/Unity/11111/HomeWork/Work/Assets
GfxDevice: creating device client; threaded=0
Direct3D:
    Version:  Direct3D 11.0 [level 11.1]
    Renderer: NVIDIA GeForce GTX 1650 (ID=0x1f91)
    Vendor:   
    VRAM:     3949 MB
    Driver:   31.0.15.2824
Initialize mono
Mono path[0] = 'D:/unity/2020.3.48f1c1/Editor/Data/Managed'
Mono path[1] = 'D:/unity/2020.3.48f1c1/Editor/Data/MonoBleedingEdge/lib/mono/unityjit'
Mono config path = 'D:/unity/2020.3.48f1c1/Editor/Data/MonoBleedingEdge/etc'
Using monoOptions --debugger-agent=transport=dt_socket,embedding=1,server=y,suspend=n,address=127.0.0.1:56756
Begin MonoManager ReloadAssembly
Registering precompiled unity dll's ...
Register platform support module: D:/unity/2020.3.48f1c1/Editor/Data/PlaybackEngines/WindowsStandaloneSupport/UnityEditor.WindowsStandalone.Extensions.dll
Registered in 0.001091 seconds.
Native extension for WindowsStandalone target not found
Refreshing native plugins compatible for Editor in 81.61 ms, found 2 plugins.
Preloading 0 native plugins for Editor in 0.00 ms.
Mono: successfully reloaded assembly
- Completed reload, in  0.765 seconds
Domain Reload Profiling:
	ReloadAssembly (766ms)
		BeginReloadAssembly (102ms)
			ExecutionOrderSort (0ms)
			DisableScriptedObjects (0ms)
			BackupInstance (0ms)
			ReleaseScriptingObjects (0ms)
			CreateAndSetChildDomain (1ms)
		EndReloadAssembly (590ms)
			LoadAssemblies (102ms)
			RebuildTransferFunctionScriptingTraits (0ms)
			SetupTypeCache (172ms)
			ReleaseScriptCaches (0ms)
			RebuildScriptCaches (41ms)
			SetupLoadedEditorAssemblies (257ms)
				LogAssemblyErrors (0ms)
				InitializePlatformSupportModulesInManaged (6ms)
				SetLoadedEditorAssemblies (1ms)
				RefreshPlugins (82ms)
				BeforeProcessingInitializeOnLoad (13ms)
				ProcessInitializeOnLoadAttributes (99ms)
				ProcessInitializeOnLoadMethodAttributes (56ms)
				AfterProcessingInitializeOnLoad (0ms)
				EditorAssembliesLoaded (0ms)
			ExecutionOrderSort2 (0ms)
			AwakeInstancesAfterBackupRestoration (0ms)
Platform modules already initialized, skipping
Registering precompiled user dll's ...
Registered in 0.017612 seconds.
Begin MonoManager ReloadAssembly
Native extension for WindowsStandalone target not found
Refreshing native plugins compatible for Editor in 149.56 ms, found 2 plugins.
Preloading 0 native plugins for Editor in 0.00 ms.
Mono: successfully reloaded assembly
- Completed reload, in  2.223 seconds
Domain Reload Profiling:
	ReloadAssembly (2225ms)
		BeginReloadAssembly (327ms)
			ExecutionOrderSort (0ms)
			DisableScriptedObjects (12ms)
			BackupInstance (0ms)
			ReleaseScriptingObjects (0ms)
			CreateAndSetChildDomain (31ms)
		EndReloadAssembly (1785ms)
			LoadAssemblies (299ms)
			RebuildTransferFunctionScriptingTraits (0ms)
			SetupTypeCache (544ms)
			ReleaseScriptCaches (1ms)
			RebuildScriptCaches (98ms)
			SetupLoadedEditorAssemblies (720ms)
				LogAssemblyErrors (0ms)
				InitializePlatformSupportModulesInManaged (8ms)
				SetLoadedEditorAssemblies (0ms)
				RefreshPlugins (150ms)
				BeforeProcessingInitializeOnLoad (138ms)
				ProcessInitializeOnLoadAttributes (404ms)
				ProcessInitializeOnLoadMethodAttributes (17ms)
				AfterProcessingInitializeOnLoad (3ms)
				EditorAssembliesLoaded (0ms)
			ExecutionOrderSort2 (0ms)
			AwakeInstancesAfterBackupRestoration (3ms)
Platform modules already initialized, skipping
========================================================================
Worker process is ready to serve import requests
Shader 'SimpleURPToonLitExample(With Outline)': fallback shader 'Hidden/Universal Render Pipeline/FallbackError' not found
Shader 'SimpleURPToonLitExample(With Outline)': fallback shader 'Hidden/Universal Render Pipeline/FallbackError' not found
Launched and connected shader compiler UnityShaderCompiler.exe after 0.12 seconds
Refreshing native plugins compatible for Editor in 1.14 ms, found 2 plugins.
Preloading 0 native plugins for Editor in 0.00 ms.
Unloading 2993 Unused Serialized files (Serialized files now loaded: 0)
System memory in use before: 242.8 MB.
System memory in use after: 237.7 MB.

Unloading 52 unused Assets to reduce memory usage. Loaded Objects now: 3440.
Total: 11.733200 ms (FindLiveObjects: 0.386000 ms CreateObjectMapping: 0.255400 ms MarkObjects: 4.334400 ms  DeleteObjects: 6.755900 ms)

AssetImportParameters requested are different than current active one (requested -> active):
  custom:framework-win-MediaFoundation: 216162199b28c13a410421893ffa2e32 -> 
  custom:video-decoder-ogg-theora: a1e56fd34408186e4bbccfd4996cb3dc -> 
  custom:container-muxer-webm: aa71ff27fc2769a1b78a27578f13a17b -> 
  custom:container-demuxer-webm: 4f35f7cbe854078d1ac9338744f61a02 -> 
  custom:container-demuxer-ogg: 62fdf1f143b41e24485cea50d1cbac27 -> 
  custom:video-encoder-webm-vp8: eb34c28f22e8b96e1ab97ce403110664 -> 
  custom:video-codec-MediaFoundation-h265: 746d11721c4dcdbdad8f713fa42b33f4 -> 
  custom:video-decoder-webm-vp8: 9c59270c3fd7afecdb556c50c9e8de78 -> 
  custom:audio-decoder-ogg-vorbis: bf7c407c2cedff20999df2af8eb42d56 -> 
  custom:audio-encoder-webm-vorbis: bf7c407c2cedff20999df2af8eb42d56 -> 
========================================================================
Received Import Request.
  path: Assets/Prefabs/GameObject/Slot.prefab
  artifactKey: Guid(e799dd812fc35f5459eb72e75cdbc0f2) Importer(815301076,1909f56bfc062723c751e8b465ee728b)
Start importing Assets/Prefabs/GameObject/Slot.prefab using Guid(e799dd812fc35f5459eb72e75cdbc0f2) Importer(815301076,1909f56bfc062723c751e8b465ee728b)  -> (artifact id: '9774129d17d93665846666d40baeb802') in 0.171316 seconds 
========================================================================
Received Import Request.
  Time since last request: 0.000780 seconds.
  path: Assets/Prefabs/UI/Panel/CharacterPanel.prefab
  artifactKey: Guid(7af837f1086c8754085d4f21f7355881) Importer(815301076,1909f56bfc062723c751e8b465ee728b)
Start importing Assets/Prefabs/UI/Panel/CharacterPanel.prefab using Guid(7af837f1086c8754085d4f21f7355881) Importer(815301076,1909f56bfc062723c751e8b465ee728b)  -> (artifact id: 'e2268017e983b45ba92fcc280e5807a5') in 0.039991 seconds 
========================================================================
Received Import Request.
  Time since last request: 190.683507 seconds.
  path: Assets/Asset Package/UI/面板/frame/mini/mini_frame1.png
  artifactKey: Guid(c9438522d0a344441910ebd902751a3d) Importer(815301076,1909f56bfc062723c751e8b465ee728b)
Start importing Assets/Asset Package/UI/面板/frame/mini/mini_frame1.png using Guid(c9438522d0a344441910ebd902751a3d) Importer(815301076,1909f56bfc062723c751e8b465ee728b)  -> (artifact id: '594c1683bf878628274cd9e8070a9b27') in 0.190894 seconds 
========================================================================
Received Import Request.
  Time since last request: 11.798559 seconds.
  path: Assets/Asset Package/UI/面板/frame/other/button_square_frame.png
  artifactKey: Guid(57ab0d48e28c6fd4cb9a71170f3c42b7) Importer(815301076,1909f56bfc062723c751e8b465ee728b)
Start importing Assets/Asset Package/UI/面板/frame/other/button_square_frame.png using Guid(57ab0d48e28c6fd4cb9a71170f3c42b7) Importer(815301076,1909f56bfc062723c751e8b465ee728b)  -> (artifact id: '0a4a004ca760adeb14f36d9fbaf6441f') in 0.020700 seconds 
========================================================================
Received Import Request.
  Time since last request: 0.571073 seconds.
  path: Assets/Asset Package/UI/面板/frame/other/button_frame.png
  artifactKey: Guid(e4fc4a2033af46a408e5833289c92ec1) Importer(815301076,1909f56bfc062723c751e8b465ee728b)
Start importing Assets/Asset Package/UI/面板/frame/other/button_frame.png using Guid(e4fc4a2033af46a408e5833289c92ec1) Importer(815301076,1909f56bfc062723c751e8b465ee728b)  -> (artifact id: '7507228a68c6e914ef97b417ee248199') in 0.016687 seconds 
========================================================================
Received Import Request.
  Time since last request: 4.760972 seconds.
  path: Assets/Asset Package/UI/面板/frame/small/small_frame.png
  artifactKey: Guid(688a2a25ef766644697ec94e1640a752) Importer(815301076,1909f56bfc062723c751e8b465ee728b)
Start importing Assets/Asset Package/UI/面板/frame/small/small_frame.png using Guid(688a2a25ef766644697ec94e1640a752) Importer(815301076,1909f56bfc062723c751e8b465ee728b)  -> (artifact id: '8d73c6510a6c2a4bdce70043b8afef3b') in 0.016231 seconds 
========================================================================
Received Import Request.
  Time since last request: 2.133482 seconds.
  path: Assets/Asset Package/UI/面板/icon/full_simple
  artifactKey: Guid(6b761e434fd46804796cfbd9499b7364) Importer(815301076,1909f56bfc062723c751e8b465ee728b)
Start importing Assets/Asset Package/UI/面板/icon/full_simple using Guid(6b761e434fd46804796cfbd9499b7364) Importer(815301076,1909f56bfc062723c751e8b465ee728b)  -> (artifact id: '3416979d41f10e6ae61b9777f1a018bc') in 0.005143 seconds 
========================================================================
Received Import Request.
  Time since last request: 9.502483 seconds.
  path: Assets/Asset Package/UI/面板/skill_icon
  artifactKey: Guid(3bbad8e81ae7a624abf4def125e5b17c) Importer(815301076,1909f56bfc062723c751e8b465ee728b)
Start importing Assets/Asset Package/UI/面板/skill_icon using Guid(3bbad8e81ae7a624abf4def125e5b17c) Importer(815301076,1909f56bfc062723c751e8b465ee728b)  -> (artifact id: 'c2a3d93ef6d22189c349d3097ad1b636') in 0.006496 seconds 
========================================================================
Received Import Request.
  Time since last request: 6.309415 seconds.
  path: Assets/Asset Package/UI/面板/button/rect
  artifactKey: Guid(9411a1f5fa3ccb94f8cfe465f5682441) Importer(815301076,1909f56bfc062723c751e8b465ee728b)
Start importing Assets/Asset Package/UI/面板/button/rect using Guid(9411a1f5fa3ccb94f8cfe465f5682441) Importer(815301076,1909f56bfc062723c751e8b465ee728b)  -> (artifact id: 'b2539cec20f42d78ac70f3a84528a72a') in 0.102190 seconds 
========================================================================
Received Import Request.
  Time since last request: 4.993003 seconds.
  path: Assets/Asset Package/UI/面板/bar/big
  artifactKey: Guid(8f856d93d8389c94aad9961af6b9c253) Importer(815301076,1909f56bfc062723c751e8b465ee728b)
Start importing Assets/Asset Package/UI/面板/bar/big using Guid(8f856d93d8389c94aad9961af6b9c253) Importer(815301076,1909f56bfc062723c751e8b465ee728b)  -> (artifact id: 'cffdaab345bfed27435ce8694d0fe553') in 0.092916 seconds 
========================================================================
Received Import Request.
  Time since last request: 2.278581 seconds.
  path: Assets/Asset Package/UI/面板/bar/mid/mid_dark_barA-vertical.png
  artifactKey: Guid(b0e6e046c25fe2e4bb1cc8dd174feb4c) Importer(815301076,1909f56bfc062723c751e8b465ee728b)
Start importing Assets/Asset Package/UI/面板/bar/mid/mid_dark_barA-vertical.png using Guid(b0e6e046c25fe2e4bb1cc8dd174feb4c) Importer(815301076,1909f56bfc062723c751e8b465ee728b)  -> (artifact id: 'e4c48014e10b054c604f6d68e4cc9208') in 0.029313 seconds 
========================================================================
Received Import Request.
  Time since last request: 0.593604 seconds.
  path: Assets/Asset Package/UI/面板/bar/mid/mid_dark_bar.png
  artifactKey: Guid(cb5de281860415940928499a573886ca) Importer(815301076,1909f56bfc062723c751e8b465ee728b)
Start importing Assets/Asset Package/UI/面板/bar/mid/mid_dark_bar.png using Guid(cb5de281860415940928499a573886ca) Importer(815301076,1909f56bfc062723c751e8b465ee728b)  -> (artifact id: '98f1c123da4392ea5b66b4e2d468f2aa') in 0.024221 seconds 
========================================================================
Received Import Request.
  Time since last request: 0.636158 seconds.
  path: Assets/Asset Package/UI/面板/bar/mid/mid_dark_barA.png
  artifactKey: Guid(2762119f8e2815c40a7c976a7e4d4ffa) Importer(815301076,1909f56bfc062723c751e8b465ee728b)
Start importing Assets/Asset Package/UI/面板/bar/mid/mid_dark_barA.png using Guid(2762119f8e2815c40a7c976a7e4d4ffa) Importer(815301076,1909f56bfc062723c751e8b465ee728b)  -> (artifact id: '5f0ef04a8174a96746462175f58b17d4') in 0.024253 seconds 
========================================================================
Received Import Request.
  Time since last request: 2.967079 seconds.
  path: Assets/Asset Package/UI/面板/bar/mini/mini_dark_bar1.png
  artifactKey: Guid(2b34ead8ea3c78b4882a722a736f874c) Importer(815301076,1909f56bfc062723c751e8b465ee728b)
Start importing Assets/Asset Package/UI/面板/bar/mini/mini_dark_bar1.png using Guid(2b34ead8ea3c78b4882a722a736f874c) Importer(815301076,1909f56bfc062723c751e8b465ee728b)  -> (artifact id: 'bffa82994f15fc12c9d68d2c7f842097') in 0.018939 seconds 
========================================================================
Received Import Request.
  Time since last request: 0.659528 seconds.
  path: Assets/Asset Package/UI/面板/bar/mini/mini_dark_circle_bar.png
  artifactKey: Guid(17dc2631f17604f4d815f6e904eee5af) Importer(815301076,1909f56bfc062723c751e8b465ee728b)
Start importing Assets/Asset Package/UI/面板/bar/mini/mini_dark_circle_bar.png using Guid(17dc2631f17604f4d815f6e904eee5af) Importer(815301076,1909f56bfc062723c751e8b465ee728b)  -> (artifact id: '45c198911a717ce845e766f6fc8e48ee') in 0.017525 seconds 
========================================================================
Received Import Request.
  Time since last request: 0.602813 seconds.
  path: Assets/Asset Package/UI/面板/bar/mini/mini_darkness_bar1.png
  artifactKey: Guid(e466468e92ffc5549bb6f8ee2198183f) Importer(815301076,1909f56bfc062723c751e8b465ee728b)
Start importing Assets/Asset Package/UI/面板/bar/mini/mini_darkness_bar1.png using Guid(e466468e92ffc5549bb6f8ee2198183f) Importer(815301076,1909f56bfc062723c751e8b465ee728b)  -> (artifact id: 'd33a92967178516da09c5031cf8a2329') in 0.016838 seconds 
========================================================================
Received Prepare
Shader 'SimpleURPToonLitExample(With Outline)': fallback shader 'Hidden/Universal Render Pipeline/FallbackError' not found
Shader 'SimpleURPToonLitExample(With Outline)': fallback shader 'Hidden/Universal Render Pipeline/FallbackError' not found
Refreshing native plugins compatible for Editor in 5.48 ms, found 2 plugins.
Preloading 0 native plugins for Editor in 0.00 ms.
Unloading 45 Unused Serialized files (Serialized files now loaded: 0)
System memory in use before: 178.7 MB.
System memory in use after: 173.7 MB.

Unloading 44 unused Assets to reduce memory usage. Loaded Objects now: 3457.
Total: 9.628500 ms (FindLiveObjects: 0.298300 ms CreateObjectMapping: 0.157300 ms MarkObjects: 4.324000 ms  DeleteObjects: 4.848100 ms)

AssetImportParameters requested are different than current active one (requested -> active):
  custom:framework-win-MediaFoundation: 216162199b28c13a410421893ffa2e32 -> 
  custom:video-decoder-ogg-theora: a1e56fd34408186e4bbccfd4996cb3dc -> 
  custom:container-muxer-webm: aa71ff27fc2769a1b78a27578f13a17b -> 
  custom:container-demuxer-webm: 4f35f7cbe854078d1ac9338744f61a02 -> 
  custom:container-demuxer-ogg: 62fdf1f143b41e24485cea50d1cbac27 -> 
  custom:video-encoder-webm-vp8: eb34c28f22e8b96e1ab97ce403110664 -> 
  custom:video-codec-MediaFoundation-h265: 746d11721c4dcdbdad8f713fa42b33f4 -> 
  custom:video-decoder-webm-vp8: 9c59270c3fd7afecdb556c50c9e8de78 -> 
  custom:audio-decoder-ogg-vorbis: bf7c407c2cedff20999df2af8eb42d56 -> 
  custom:audio-encoder-webm-vorbis: bf7c407c2cedff20999df2af8eb42d56 -> 
========================================================================
Received Import Request.
  Time since last request: 557.251273 seconds.
  path: Assets/Prefabs/UI/Panel/CharacterPanel.prefab
  artifactKey: Guid(7af837f1086c8754085d4f21f7355881) Importer(815301076,1909f56bfc062723c751e8b465ee728b)
Start importing Assets/Prefabs/UI/Panel/CharacterPanel.prefab using Guid(7af837f1086c8754085d4f21f7355881) Importer(815301076,1909f56bfc062723c751e8b465ee728b)  -> (artifact id: '7183cf3ec3b590296f763fcef296a17e') in 0.033232 seconds 
========================================================================
Received Import Request.
  Time since last request: 72.765812 seconds.
  path: Assets/Asset Package/UI/11/angel_tanbao_bg-599784cd9c(1).png
  artifactKey: Guid(47083c308a90e4b479534760cf12b134) Importer(815301076,1909f56bfc062723c751e8b465ee728b)
Start importing Assets/Asset Package/UI/11/angel_tanbao_bg-599784cd9c(1).png using Guid(47083c308a90e4b479534760cf12b134) Importer(815301076,1909f56bfc062723c751e8b465ee728b)  -> (artifact id: '5c55c9c0cee782c3ca60b2d22473a8d5') in 0.114809 seconds 
========================================================================
Received Import Request.
  Time since last request: 0.705748 seconds.
  path: Assets/Asset Package/UI/11/bg_h5(1).png
  artifactKey: Guid(586daabdc56751849b924d90cb8189b7) Importer(815301076,1909f56bfc062723c751e8b465ee728b)
Start importing Assets/Asset Package/UI/11/bg_h5(1).png using Guid(586daabdc56751849b924d90cb8189b7) Importer(815301076,1909f56bfc062723c751e8b465ee728b)  -> (artifact id: 'da24b386194a8c081610a94ead7bad37') in 0.055052 seconds 
========================================================================
Received Import Request.
  Time since last request: 1.919373 seconds.
  path: Assets/Asset Package/UI/11/9f4998c6-0a47-4a8b-9e19-26d0878b8dd1.png
  artifactKey: Guid(aba34967731ee4f4fb7f5a7b08983893) Importer(815301076,1909f56bfc062723c751e8b465ee728b)
Start importing Assets/Asset Package/UI/11/9f4998c6-0a47-4a8b-9e19-26d0878b8dd1.png using Guid(aba34967731ee4f4fb7f5a7b08983893) Importer(815301076,1909f56bfc062723c751e8b465ee728b)  -> (artifact id: '96735e287d14bbbc3123812b9e9290fe') in 0.040104 seconds 
========================================================================
Received Import Request.
  Time since last request: 389.112645 seconds.
  path: Assets/Asset Package/UI/11/7cea7758-c223-45eb-b82e-c06080a16f46.png
  artifactKey: Guid(52f5d42ea30e79a4a96b72abe0055f53) Importer(815301076,1909f56bfc062723c751e8b465ee728b)
Start importing Assets/Asset Package/UI/11/7cea7758-c223-45eb-b82e-c06080a16f46.png using Guid(52f5d42ea30e79a4a96b72abe0055f53) Importer(815301076,1909f56bfc062723c751e8b465ee728b)  -> (artifact id: 'ff581f98cea1c843979ebf3e450a4823') in 0.032023 seconds 
========================================================================
Received Import Request.
  Time since last request: 0.670010 seconds.
  path: Assets/Asset Package/UI/11/a2ba5163-c50b-4684-b956-c6ab2c2d82d5.png
  artifactKey: Guid(157acdd0aae493744ab3d1b57b1e9a93) Importer(815301076,1909f56bfc062723c751e8b465ee728b)
Start importing Assets/Asset Package/UI/11/a2ba5163-c50b-4684-b956-c6ab2c2d82d5.png using Guid(157acdd0aae493744ab3d1b57b1e9a93) Importer(815301076,1909f56bfc062723c751e8b465ee728b)  -> (artifact id: '4239fd2c3b10b4416f63f7ef1921889b') in 0.012216 seconds 
========================================================================
Received Import Request.
  Time since last request: 0.809404 seconds.
  path: Assets/Asset Package/UI/11/button_06(1).png
  artifactKey: Guid(39f2dc9956af5484e8320b79e45533bf) Importer(815301076,1909f56bfc062723c751e8b465ee728b)
Start importing Assets/Asset Package/UI/11/button_06(1).png using Guid(39f2dc9956af5484e8320b79e45533bf) Importer(815301076,1909f56bfc062723c751e8b465ee728b)  -> (artifact id: 'a9b961710da93051135c48ec1ae62ea5') in 0.020049 seconds 
========================================================================
Received Import Request.
  Time since last request: 0.314425 seconds.
  path: Assets/Asset Package/UI/11/c5becbaa-1667-401a-b0f2-471eb30c3602(1).png
  artifactKey: Guid(b2c9e68b78678864aa5b5e63fa363a2e) Importer(815301076,1909f56bfc062723c751e8b465ee728b)
Start importing Assets/Asset Package/UI/11/c5becbaa-1667-401a-b0f2-471eb30c3602(1).png using Guid(b2c9e68b78678864aa5b5e63fa363a2e) Importer(815301076,1909f56bfc062723c751e8b465ee728b)  -> (artifact id: '3a1f9b07f1fd8df85029a6b7cacb6eab') in 0.015401 seconds 
========================================================================
Received Import Request.
  Time since last request: 1.113038 seconds.
  path: Assets/Asset Package/UI/11/chuangjue_zhanshi_big(1).jpg
  artifactKey: Guid(1a65e83cfba59c342adbdb7078750f9b) Importer(815301076,1909f56bfc062723c751e8b465ee728b)
Start importing Assets/Asset Package/UI/11/chuangjue_zhanshi_big(1).jpg using Guid(1a65e83cfba59c342adbdb7078750f9b) Importer(815301076,1909f56bfc062723c751e8b465ee728b)  -> (artifact id: 'acf6eb62e10c4cd72f2776c52f0c9fd4') in 0.155236 seconds 
========================================================================
Received Import Request.
  Time since last request: 0.257473 seconds.
  path: Assets/Asset Package/UI/11/Close.png
  artifactKey: Guid(3f302b37d4c72954a87f7d7a773b0fb9) Importer(815301076,1909f56bfc062723c751e8b465ee728b)
Start importing Assets/Asset Package/UI/11/Close.png using Guid(3f302b37d4c72954a87f7d7a773b0fb9) Importer(815301076,1909f56bfc062723c751e8b465ee728b)  -> (artifact id: '0aaac29499aed0477d0e35bf9dd3955f') in 0.041478 seconds 
========================================================================
Received Import Request.
  Time since last request: 2.098992 seconds.
  path: Assets/Asset Package/UI/11/Cristalblue.png
  artifactKey: Guid(8f6c4004b346a6a41bedc9623425dbd3) Importer(815301076,1909f56bfc062723c751e8b465ee728b)
Start importing Assets/Asset Package/UI/11/Cristalblue.png using Guid(8f6c4004b346a6a41bedc9623425dbd3) Importer(815301076,1909f56bfc062723c751e8b465ee728b)  -> (artifact id: '108fc6c2836bb3da63fb89c4283c2b24') in 0.015641 seconds 
========================================================================
Received Import Request.
  Time since last request: 0.643084 seconds.
  path: Assets/Asset Package/UI/11/Cristalorange.png
  artifactKey: Guid(6b3336592bcf2134abb33fc57225674a) Importer(815301076,1909f56bfc062723c751e8b465ee728b)
Start importing Assets/Asset Package/UI/11/Cristalorange.png using Guid(6b3336592bcf2134abb33fc57225674a) Importer(815301076,1909f56bfc062723c751e8b465ee728b)  -> (artifact id: '2972785cf193c8863790a01ee54c0bc0') in 0.015548 seconds 
========================================================================
Received Import Request.
  Time since last request: 0.474633 seconds.
  path: Assets/Asset Package/UI/11/Cristalred.png
  artifactKey: Guid(f27b6ac45bf783340ad9ab9fb3f53a39) Importer(815301076,1909f56bfc062723c751e8b465ee728b)
Start importing Assets/Asset Package/UI/11/Cristalred.png using Guid(f27b6ac45bf783340ad9ab9fb3f53a39) Importer(815301076,1909f56bfc062723c751e8b465ee728b)  -> (artifact id: 'e0ecbbe2a561a4697970443192ff1745') in 0.013923 seconds 
========================================================================
Received Import Request.
  Time since last request: 3.379570 seconds.
  path: Assets/Asset Package/UI/11/getReward_bg-96da7fa1d1.png
  artifactKey: Guid(1ba8780a0b636e8479d70943b2d64af0) Importer(815301076,1909f56bfc062723c751e8b465ee728b)
Start importing Assets/Asset Package/UI/11/getReward_bg-96da7fa1d1.png using Guid(1ba8780a0b636e8479d70943b2d64af0) Importer(815301076,1909f56bfc062723c751e8b465ee728b)  -> (artifact id: '1a17c934c106ffa324ac401186d9587f') in 0.027537 seconds 
========================================================================
Received Import Request.
  Time since last request: 0.366626 seconds.
  path: Assets/Asset Package/UI/11/gl_bg3-5f6b8fa5d1(1).png
  artifactKey: Guid(21c2dfe420b8072408e8becb39a54d99) Importer(815301076,1909f56bfc062723c751e8b465ee728b)
Start importing Assets/Asset Package/UI/11/gl_bg3-5f6b8fa5d1(1).png using Guid(21c2dfe420b8072408e8becb39a54d99) Importer(815301076,1909f56bfc062723c751e8b465ee728b)  -> (artifact id: 'fb53797597b5021814d2bb30fdb64efe') in 0.019796 seconds 
========================================================================
Received Import Request.
  Time since last request: 1.987330 seconds.
  path: Assets/Asset Package/UI/11/img_warning(1).png
  artifactKey: Guid(bb401974718d15a43a9b250997bf32ba) Importer(815301076,1909f56bfc062723c751e8b465ee728b)
Start importing Assets/Asset Package/UI/11/img_warning(1).png using Guid(bb401974718d15a43a9b250997bf32ba) Importer(815301076,1909f56bfc062723c751e8b465ee728b)  -> (artifact id: '505f2a1927962e0533ac03a32993a7de') in 0.032509 seconds 
========================================================================
Received Import Request.
  Time since last request: 12.609091 seconds.
  path: Assets/Asset Package/UI/Freeui/ZOSMA/Set/Icon.png
  artifactKey: Guid(5ad1d60795a758c468e9886f7fa4a71b) Importer(815301076,1909f56bfc062723c751e8b465ee728b)
Start importing Assets/Asset Package/UI/Freeui/ZOSMA/Set/Icon.png using Guid(5ad1d60795a758c468e9886f7fa4a71b) Importer(815301076,1909f56bfc062723c751e8b465ee728b)  -> (artifact id: 'ec737c5056bb686df3e9bf794d7f0724') in 0.018783 seconds 
========================================================================
Received Import Request.
  Time since last request: 0.562563 seconds.
  path: Assets/Asset Package/UI/Freeui/ZOSMA/Set/Language.png
  artifactKey: Guid(ccccd5b1a1fdade4fb39ac0138ae4f50) Importer(815301076,1909f56bfc062723c751e8b465ee728b)
Start importing Assets/Asset Package/UI/Freeui/ZOSMA/Set/Language.png using Guid(ccccd5b1a1fdade4fb39ac0138ae4f50) Importer(815301076,1909f56bfc062723c751e8b465ee728b)  -> (artifact id: '8e883bc90843f81a06053dae0ebe8177') in 0.020587 seconds 
========================================================================
Received Import Request.
  Time since last request: 4.654659 seconds.
  path: Assets/Asset Package/UI/Freeui/ZOSMA/Stage/Back/Background.png
  artifactKey: Guid(35957784b43caae498adf76ff6d59715) Importer(815301076,1909f56bfc062723c751e8b465ee728b)
Start importing Assets/Asset Package/UI/Freeui/ZOSMA/Stage/Back/Background.png using Guid(35957784b43caae498adf76ff6d59715) Importer(815301076,1909f56bfc062723c751e8b465ee728b)  -> (artifact id: '2f26e804bf308355535b1ad937d4954e') in 0.019052 seconds 
========================================================================
Received Import Request.
  Time since last request: 7.350080 seconds.
  path: Assets/Asset Package/UI/面板/button/circle
  artifactKey: Guid(83490cd73335b15499ef338dd381b7e5) Importer(815301076,1909f56bfc062723c751e8b465ee728b)
Start importing Assets/Asset Package/UI/面板/button/circle using Guid(83490cd73335b15499ef338dd381b7e5) Importer(815301076,1909f56bfc062723c751e8b465ee728b)  -> (artifact id: '874613186521b37c2bec4d5d011bcfd4') in 0.008936 seconds 
========================================================================
Received Import Request.
  Time since last request: 2.760714 seconds.
  path: Assets/Asset Package/UI/面板/button/rect/button0.png
  artifactKey: Guid(9fc45d0022a06d044822148ebb1faf5b) Importer(815301076,1909f56bfc062723c751e8b465ee728b)
Start importing Assets/Asset Package/UI/面板/button/rect/button0.png using Guid(9fc45d0022a06d044822148ebb1faf5b) Importer(815301076,1909f56bfc062723c751e8b465ee728b)  -> (artifact id: '1ba943624ceae63dcd4ef516008036bf') in 0.015885 seconds 
========================================================================
Received Import Request.
  Time since last request: 0.544613 seconds.
  path: Assets/Asset Package/UI/面板/button/rect/button1.png
  artifactKey: Guid(19e0bc12554863e4d932f44fc7ca2cd6) Importer(815301076,1909f56bfc062723c751e8b465ee728b)
Start importing Assets/Asset Package/UI/面板/button/rect/button1.png using Guid(19e0bc12554863e4d932f44fc7ca2cd6) Importer(815301076,1909f56bfc062723c751e8b465ee728b)  -> (artifact id: '234ead7daee20951ed22ba9595487570') in 0.014968 seconds 
========================================================================
Received Import Request.
  Time since last request: 0.556662 seconds.
  path: Assets/Asset Package/UI/面板/button/rect/button2.png
  artifactKey: Guid(e89f6ca9ef3ebf449a23bc807f66ba04) Importer(815301076,1909f56bfc062723c751e8b465ee728b)
Start importing Assets/Asset Package/UI/面板/button/rect/button2.png using Guid(e89f6ca9ef3ebf449a23bc807f66ba04) Importer(815301076,1909f56bfc062723c751e8b465ee728b)  -> (artifact id: 'bb3d4ee28fe2a7250d26244e19fff031') in 0.012950 seconds 
========================================================================
Received Import Request.
  Time since last request: 136.750207 seconds.
  path: Assets/Prefabs/UI/Panel/EnhancedPanel.prefab
  artifactKey: Guid(69fadaa233e9f9b4785690ccbe9423a3) Importer(815301076,1909f56bfc062723c751e8b465ee728b)
Start importing Assets/Prefabs/UI/Panel/EnhancedPanel.prefab using Guid(69fadaa233e9f9b4785690ccbe9423a3) Importer(815301076,1909f56bfc062723c751e8b465ee728b)  -> (artifact id: '624f6dcc4f6882e10290d4c0b486ea3f') in 0.010188 seconds 
========================================================================
Received Import Request.
  Time since last request: 41.997048 seconds.
  path: Assets/Scripts/UIPanel/Concrete/EnhancedPanel.cs
  artifactKey: Guid(366a729347b59e14d9b86aa93496cc89) Importer(815301076,1909f56bfc062723c751e8b465ee728b)
Start importing Assets/Scripts/UIPanel/Concrete/EnhancedPanel.cs using Guid(366a729347b59e14d9b86aa93496cc89) Importer(815301076,1909f56bfc062723c751e8b465ee728b)  -> (artifact id: '7eb057ba556e88435da1b6cbfde2fbd5') in 0.014204 seconds 
========================================================================
Received Import Request.
  Time since last request: 399.897021 seconds.
  path: Assets/Asset Package/UI/11/Stageexplanation.png
  artifactKey: Guid(88dd22b5715878f4281b7ae68d00ff56) Importer(815301076,1909f56bfc062723c751e8b465ee728b)
Start importing Assets/Asset Package/UI/11/Stageexplanation.png using Guid(88dd22b5715878f4281b7ae68d00ff56) Importer(815301076,1909f56bfc062723c751e8b465ee728b)  -> (artifact id: '3198ad08acda327df6408d59fefa947e') in 0.102915 seconds 
========================================================================
Received Import Request.
  Time since last request: 122.863794 seconds.
  path: Assets/Prefabs/UI/Panel/StorePanel.prefab
  artifactKey: Guid(243c4c31f218afb4dbdf2e76281db128) Importer(815301076,1909f56bfc062723c751e8b465ee728b)
Start importing Assets/Prefabs/UI/Panel/StorePanel.prefab using Guid(243c4c31f218afb4dbdf2e76281db128) Importer(815301076,1909f56bfc062723c751e8b465ee728b)  -> (artifact id: 'cd5206de20bb4569b4064d3cca321ffa') in 0.922346 seconds 
========================================================================
Received Prepare
Registering precompiled user dll's ...
Registered in 0.010893 seconds.
Begin MonoManager ReloadAssembly
Native extension for WindowsStandalone target not found
Refreshing native plugins compatible for Editor in 1.04 ms, found 2 plugins.
Preloading 0 native plugins for Editor in 0.00 ms.
Mono: successfully reloaded assembly
- Completed reload, in  2.027 seconds
Domain Reload Profiling:
	ReloadAssembly (2028ms)
		BeginReloadAssembly (359ms)
			ExecutionOrderSort (0ms)
			DisableScriptedObjects (11ms)
			BackupInstance (0ms)
			ReleaseScriptingObjects (0ms)
			CreateAndSetChildDomain (141ms)
		EndReloadAssembly (1573ms)
			LoadAssemblies (256ms)
			RebuildTransferFunctionScriptingTraits (0ms)
			SetupTypeCache (545ms)
			ReleaseScriptCaches (2ms)
			RebuildScriptCaches (114ms)
			SetupLoadedEditorAssemblies (554ms)
				LogAssemblyErrors (0ms)
				InitializePlatformSupportModulesInManaged (7ms)
				SetLoadedEditorAssemblies (1ms)
				RefreshPlugins (1ms)
				BeforeProcessingInitializeOnLoad (187ms)
				ProcessInitializeOnLoadAttributes (339ms)
				ProcessInitializeOnLoadMethodAttributes (15ms)
				AfterProcessingInitializeOnLoad (3ms)
				EditorAssembliesLoaded (0ms)
			ExecutionOrderSort2 (0ms)
			AwakeInstancesAfterBackupRestoration (3ms)
Platform modules already initialized, skipping
Shader 'SimpleURPToonLitExample(With Outline)': fallback shader 'Hidden/Universal Render Pipeline/FallbackError' not found
Shader 'SimpleURPToonLitExample(With Outline)': fallback shader 'Hidden/Universal Render Pipeline/FallbackError' not found
Refreshing native plugins compatible for Editor in 1.07 ms, found 2 plugins.
Preloading 0 native plugins for Editor in 0.00 ms.
Unloading 2877 Unused Serialized files (Serialized files now loaded: 0)
System memory in use before: 234.6 MB.
System memory in use after: 229.5 MB.

Unloading 47 unused Assets to reduce memory usage. Loaded Objects now: 3490.
Total: 12.811800 ms (FindLiveObjects: 0.377100 ms CreateObjectMapping: 0.217600 ms MarkObjects: 4.540400 ms  DeleteObjects: 7.675000 ms)

AssetImportParameters requested are different than current active one (requested -> active):
  custom:framework-win-MediaFoundation: 216162199b28c13a410421893ffa2e32 -> 
  custom:video-decoder-ogg-theora: a1e56fd34408186e4bbccfd4996cb3dc -> 
  custom:container-muxer-webm: aa71ff27fc2769a1b78a27578f13a17b -> 
  custom:container-demuxer-webm: 4f35f7cbe854078d1ac9338744f61a02 -> 
  custom:container-demuxer-ogg: 62fdf1f143b41e24485cea50d1cbac27 -> 
  custom:video-encoder-webm-vp8: eb34c28f22e8b96e1ab97ce403110664 -> 
  custom:video-codec-MediaFoundation-h265: 746d11721c4dcdbdad8f713fa42b33f4 -> 
  custom:video-decoder-webm-vp8: 9c59270c3fd7afecdb556c50c9e8de78 -> 
  custom:audio-decoder-ogg-vorbis: bf7c407c2cedff20999df2af8eb42d56 -> 
  custom:audio-encoder-webm-vorbis: bf7c407c2cedff20999df2af8eb42d56 -> 
========================================================================
Received Import Request.
  Time since last request: 463.902304 seconds.
  path: Assets/Prefabs/UI/Panel/StorePanel.prefab
  artifactKey: Guid(243c4c31f218afb4dbdf2e76281db128) Importer(815301076,1909f56bfc062723c751e8b465ee728b)
Start importing Assets/Prefabs/UI/Panel/StorePanel.prefab using Guid(243c4c31f218afb4dbdf2e76281db128) Importer(815301076,1909f56bfc062723c751e8b465ee728b)  -> (artifact id: '5e954c2fc0962d23db2cc59c51e274fa') in 0.132571 seconds 
AssetImportWorkerClient::OnTransportError - code=2 error=End of file
